<?xml version="1.0" encoding="UTF-8"?>
<!-- Generated by org.testng.reporters.JUnitXMLReporter -->
<testsuite ignored="0" hostname="DESKTOP-H7G7QLM" failures="1" tests="5" name="TestNGTest1" time="99.855" errors="0" timestamp="03 Mar 2020 01:19:56 GMT">
  <testcase classname="com.testCases.JMB_TC_001" name="JMB_TC_001" time="11.789"/>
  <testcase classname="com.testCases.JMB_TC_002" name="JMB_TC_002" time="6.748">
    <failure type="java.lang.AssertionError" message="The following asserts failed:
	expected [false] but found [true]">
      <![CDATA[java.lang.AssertionError: The following asserts failed:
expected [false] but found [true]
at com.testCases.JMB_TC_002.JMB_TC_002(JMB_TC_002.java:62)
... Removed 29 stack frames]]>
    </failure>
  </testcase> <!-- JMB_TC_002 -->
  <testcase classname="com.testCases.JMB_TC_003" name="JMB_TC_003" time="13.251"/>
  <testcase classname="com.testCases.JMB_TC_004" name="JMB_TC_004" time="4.179"/>
  <testcase classname="com.testCases.JMB_TC_005" name="JMB_TC_005" time="2.611"/>
</testsuite> <!-- TestNGTest1 -->
