<?xml version="1.0" encoding="UTF-8"?>
<testng-results ignored="0" total="5" passed="4" failed="1" skipped="0">
  <reporter-output>
  </reporter-output>
  <suite started-at="2020-03-03T01:18:16Z" name="JomboneTestSuite" finished-at="2020-03-03T01:19:56Z" duration-ms="99855">
    <groups>
    </groups>
    <test started-at="2020-03-03T01:18:16Z" name="TestNGTest1" finished-at="2020-03-03T01:19:56Z" duration-ms="99855">
      <class name="com.testCases.JMB_TC_001">
        <test-method is-config="true" signature="setup()[pri:0, instance:com.testCases.JMB_TC_001@646be2c3]" started-at="2020-03-03T01:18:16Z" name="setup" finished-at="2020-03-03T01:18:29Z" duration-ms="12149" status="PASS">
          <reporter-output>
          </reporter-output>
        </test-method> <!-- setup -->
        <test-method signature="JMB_TC_001()[pri:1, instance:com.testCases.JMB_TC_001@646be2c3]" started-at="2020-03-03T01:18:29Z" name="JMB_TC_001" finished-at="2020-03-03T01:18:40Z" duration-ms="11789" status="PASS">
          <reporter-output>
          </reporter-output>
        </test-method> <!-- JMB_TC_001 -->
        <test-method is-config="true" signature="tearDown()[pri:0, instance:com.testCases.JMB_TC_001@646be2c3]" started-at="2020-03-03T01:18:40Z" name="tearDown" finished-at="2020-03-03T01:18:41Z" duration-ms="678" status="PASS">
          <reporter-output>
          </reporter-output>
        </test-method> <!-- tearDown -->
      </class> <!-- com.testCases.JMB_TC_001 -->
      <class name="com.testCases.JMB_TC_002">
        <test-method is-config="true" signature="setup()[pri:0, instance:com.testCases.JMB_TC_002@797badd3]" started-at="2020-03-03T01:18:41Z" name="setup" finished-at="2020-03-03T01:18:53Z" duration-ms="12384" status="PASS">
          <reporter-output>
          </reporter-output>
        </test-method> <!-- setup -->
        <test-method signature="JMB_TC_002()[pri:2, instance:com.testCases.JMB_TC_002@797badd3]" started-at="2020-03-03T01:18:53Z" name="JMB_TC_002" finished-at="2020-03-03T01:19:00Z" duration-ms="6748" status="FAIL">
          <exception class="java.lang.AssertionError">
            <message>
              <![CDATA[The following asserts failed:
expected [false] but found [true]]]>
            </message>
            <full-stacktrace>
              <![CDATA[java.lang.AssertionError: The following asserts failed:
expected [false] but found [true]
at org.testng.asserts.SoftAssert.assertAll(SoftAssert.java:43)
at com.testCases.JMB_TC_002.JMB_TC_002(JMB_TC_002.java:62)
at java.base/jdk.internal.reflect.NativeMethodAccessorImpl.invoke0(Native Method)
at java.base/jdk.internal.reflect.NativeMethodAccessorImpl.invoke(NativeMethodAccessorImpl.java:62)
at java.base/jdk.internal.reflect.DelegatingMethodAccessorImpl.invoke(DelegatingMethodAccessorImpl.java:43)
at java.base/java.lang.reflect.Method.invoke(Method.java:566)
at org.testng.internal.MethodInvocationHelper.invokeMethod(MethodInvocationHelper.java:124)
at org.testng.internal.Invoker.invokeMethod(Invoker.java:583)
at org.testng.internal.Invoker.invokeTestMethod(Invoker.java:719)
at org.testng.internal.Invoker.invokeTestMethods(Invoker.java:989)
at org.testng.internal.TestMethodWorker.invokeTestMethods(TestMethodWorker.java:125)
at org.testng.internal.TestMethodWorker.run(TestMethodWorker.java:109)
at org.testng.TestRunner.privateRun(TestRunner.java:648)
at org.testng.TestRunner.run(TestRunner.java:505)
at org.testng.SuiteRunner.runTest(SuiteRunner.java:455)
at org.testng.SuiteRunner.runSequentially(SuiteRunner.java:450)
at org.testng.SuiteRunner.privateRun(SuiteRunner.java:415)
at org.testng.SuiteRunner.run(SuiteRunner.java:364)
at org.testng.SuiteRunnerWorker.runSuite(SuiteRunnerWorker.java:52)
at org.testng.SuiteRunnerWorker.run(SuiteRunnerWorker.java:84)
at org.testng.TestNG.runSuitesSequentially(TestNG.java:1208)
at org.testng.TestNG.runSuitesLocally(TestNG.java:1137)
at org.testng.TestNG.runSuites(TestNG.java:1049)
at org.testng.TestNG.run(TestNG.java:1017)
at org.apache.maven.surefire.testng.TestNGExecutor.run(TestNGExecutor.java:281)
at org.apache.maven.surefire.testng.TestNGXmlTestSuite.execute(TestNGXmlTestSuite.java:75)
at org.apache.maven.surefire.testng.TestNGProvider.invoke(TestNGProvider.java:121)
at org.apache.maven.surefire.booter.ForkedBooter.invokeProviderInSameClassLoader(ForkedBooter.java:290)
at org.apache.maven.surefire.booter.ForkedBooter.runSuitesInProcess(ForkedBooter.java:242)
at org.apache.maven.surefire.booter.ForkedBooter.main(ForkedBooter.java:121)
]]>
            </full-stacktrace>
          </exception> <!-- java.lang.AssertionError -->
          <reporter-output>
          </reporter-output>
        </test-method> <!-- JMB_TC_002 -->
        <test-method is-config="true" signature="tearDown()[pri:0, instance:com.testCases.JMB_TC_002@797badd3]" started-at="2020-03-03T01:19:00Z" name="tearDown" finished-at="2020-03-03T01:19:01Z" duration-ms="605" status="PASS">
          <reporter-output>
          </reporter-output>
        </test-method> <!-- tearDown -->
      </class> <!-- com.testCases.JMB_TC_002 -->
      <class name="com.testCases.JMB_TC_003">
        <test-method is-config="true" signature="setup()[pri:0, instance:com.testCases.JMB_TC_003@77be656f]" started-at="2020-03-03T01:19:01Z" name="setup" finished-at="2020-03-03T01:19:12Z" duration-ms="11177" status="PASS">
          <reporter-output>
          </reporter-output>
        </test-method> <!-- setup -->
        <test-method signature="JMB_TC_003()[pri:3, instance:com.testCases.JMB_TC_003@77be656f]" started-at="2020-03-03T01:19:12Z" name="JMB_TC_003" finished-at="2020-03-03T01:19:25Z" duration-ms="13251" status="PASS">
          <reporter-output>
          </reporter-output>
        </test-method> <!-- JMB_TC_003 -->
        <test-method is-config="true" signature="tearDown()[pri:0, instance:com.testCases.JMB_TC_003@77be656f]" started-at="2020-03-03T01:19:25Z" name="tearDown" finished-at="2020-03-03T01:19:26Z" duration-ms="603" status="PASS">
          <reporter-output>
          </reporter-output>
        </test-method> <!-- tearDown -->
      </class> <!-- com.testCases.JMB_TC_003 -->
      <class name="com.testCases.JMB_TC_004">
        <test-method is-config="true" signature="setup()[pri:0, instance:com.testCases.JMB_TC_004@19dc67c2]" started-at="2020-03-03T01:19:26Z" name="setup" finished-at="2020-03-03T01:19:37Z" duration-ms="10919" status="PASS">
          <reporter-output>
          </reporter-output>
        </test-method> <!-- setup -->
        <test-method signature="JMB_TC_004()[pri:3, instance:com.testCases.JMB_TC_004@19dc67c2]" started-at="2020-03-03T01:19:37Z" name="JMB_TC_004" finished-at="2020-03-03T01:19:41Z" duration-ms="4179" status="PASS">
          <reporter-output>
          </reporter-output>
        </test-method> <!-- JMB_TC_004 -->
        <test-method is-config="true" signature="tearDown()[pri:0, instance:com.testCases.JMB_TC_004@19dc67c2]" started-at="2020-03-03T01:19:41Z" name="tearDown" finished-at="2020-03-03T01:19:42Z" duration-ms="612" status="PASS">
          <reporter-output>
          </reporter-output>
        </test-method> <!-- tearDown -->
      </class> <!-- com.testCases.JMB_TC_004 -->
      <class name="com.testCases.JMB_TC_005">
        <test-method is-config="true" signature="setup()[pri:0, instance:com.testCases.JMB_TC_005@221af3c0]" started-at="2020-03-03T01:19:42Z" name="setup" finished-at="2020-03-03T01:19:53Z" duration-ms="11065" status="PASS">
          <reporter-output>
          </reporter-output>
        </test-method> <!-- setup -->
        <test-method signature="JMB_TC_005()[pri:5, instance:com.testCases.JMB_TC_005@221af3c0]" started-at="2020-03-03T01:19:53Z" name="JMB_TC_005" finished-at="2020-03-03T01:19:55Z" duration-ms="2611" status="PASS">
          <reporter-output>
          </reporter-output>
        </test-method> <!-- JMB_TC_005 -->
        <test-method is-config="true" signature="tearDown()[pri:0, instance:com.testCases.JMB_TC_005@221af3c0]" started-at="2020-03-03T01:19:55Z" name="tearDown" finished-at="2020-03-03T01:19:56Z" duration-ms="604" status="PASS">
          <reporter-output>
          </reporter-output>
        </test-method> <!-- tearDown -->
      </class> <!-- com.testCases.JMB_TC_005 -->
    </test> <!-- TestNGTest1 -->
  </suite> <!-- JomboneTestSuite -->
</testng-results>
