<?xml version="1.0" encoding="UTF-8"?>
<testng-results skipped="0" failed="1" ignored="0" total="5" passed="4">
  <reporter-output>
  </reporter-output>
  <suite name="JomboneTestSuite" duration-ms="109661" started-at="2020-03-01T17:34:57Z" finished-at="2020-03-01T17:36:47Z">
    <groups>
    </groups>
    <test name="TestNGTest1" duration-ms="109661" started-at="2020-03-01T17:34:57Z" finished-at="2020-03-01T17:36:47Z">
      <class name="com.testCases.JMB_TC_001">
        <test-method status="PASS" signature="setup()[pri:0, instance:com.testCases.JMB_TC_001@71318ec4]" name="setup" is-config="true" duration-ms="18248" started-at="2020-03-01T17:34:58Z" finished-at="2020-03-01T17:35:16Z">
          <reporter-output>
          </reporter-output>
        </test-method> <!-- setup -->
        <test-method status="PASS" signature="JMB_TC_001()[pri:1, instance:com.testCases.JMB_TC_001@71318ec4]" name="JMB_TC_001" duration-ms="12857" started-at="2020-03-01T17:35:16Z" finished-at="2020-03-01T17:35:29Z">
          <reporter-output>
          </reporter-output>
        </test-method> <!-- JMB_TC_001 -->
        <test-method status="PASS" signature="tearDown()[pri:0, instance:com.testCases.JMB_TC_001@71318ec4]" name="tearDown" is-config="true" duration-ms="661" started-at="2020-03-01T17:35:29Z" finished-at="2020-03-01T17:35:30Z">
          <reporter-output>
          </reporter-output>
        </test-method> <!-- tearDown -->
      </class> <!-- com.testCases.JMB_TC_001 -->
      <class name="com.testCases.JMB_TC_002">
        <test-method status="PASS" signature="setup()[pri:0, instance:com.testCases.JMB_TC_002@21213b92]" name="setup" is-config="true" duration-ms="12067" started-at="2020-03-01T17:35:30Z" finished-at="2020-03-01T17:35:42Z">
          <reporter-output>
          </reporter-output>
        </test-method> <!-- setup -->
        <test-method status="FAIL" signature="JMB_TC_002()[pri:2, instance:com.testCases.JMB_TC_002@21213b92]" name="JMB_TC_002" duration-ms="6714" started-at="2020-03-01T17:35:42Z" finished-at="2020-03-01T17:35:49Z">
          <exception class="java.lang.AssertionError">
            <message>
              <![CDATA[The following asserts failed:
expected [false] but found [true]]]>
            </message>
            <full-stacktrace>
              <![CDATA[java.lang.AssertionError: The following asserts failed:
expected [false] but found [true]
at org.testng.asserts.SoftAssert.assertAll(SoftAssert.java:43)
at com.testCases.JMB_TC_002.JMB_TC_002(JMB_TC_002.java:62)
at sun.reflect.NativeMethodAccessorImpl.invoke0(Native Method)
at sun.reflect.NativeMethodAccessorImpl.invoke(NativeMethodAccessorImpl.java:62)
at sun.reflect.DelegatingMethodAccessorImpl.invoke(DelegatingMethodAccessorImpl.java:43)
at java.lang.reflect.Method.invoke(Method.java:498)
at org.testng.internal.MethodInvocationHelper.invokeMethod(MethodInvocationHelper.java:124)
at org.testng.internal.Invoker.invokeMethod(Invoker.java:583)
at org.testng.internal.Invoker.invokeTestMethod(Invoker.java:719)
at org.testng.internal.Invoker.invokeTestMethods(Invoker.java:989)
at org.testng.internal.TestMethodWorker.invokeTestMethods(TestMethodWorker.java:125)
at org.testng.internal.TestMethodWorker.run(TestMethodWorker.java:109)
at org.testng.TestRunner.privateRun(TestRunner.java:648)
at org.testng.TestRunner.run(TestRunner.java:505)
at org.testng.SuiteRunner.runTest(SuiteRunner.java:455)
at org.testng.SuiteRunner.runSequentially(SuiteRunner.java:450)
at org.testng.SuiteRunner.privateRun(SuiteRunner.java:415)
at org.testng.SuiteRunner.run(SuiteRunner.java:364)
at org.testng.SuiteRunnerWorker.runSuite(SuiteRunnerWorker.java:52)
at org.testng.SuiteRunnerWorker.run(SuiteRunnerWorker.java:84)
at org.testng.TestNG.runSuitesSequentially(TestNG.java:1208)
at org.testng.TestNG.runSuitesLocally(TestNG.java:1137)
at org.testng.TestNG.runSuites(TestNG.java:1049)
at org.testng.TestNG.run(TestNG.java:1017)
at org.testng.remote.AbstractRemoteTestNG.run(AbstractRemoteTestNG.java:114)
at org.testng.remote.RemoteTestNG.initAndRun(RemoteTestNG.java:251)
at org.testng.remote.RemoteTestNG.main(RemoteTestNG.java:77)
]]>
            </full-stacktrace>
          </exception> <!-- java.lang.AssertionError -->
          <reporter-output>
          </reporter-output>
        </test-method> <!-- JMB_TC_002 -->
        <test-method status="PASS" signature="tearDown()[pri:0, instance:com.testCases.JMB_TC_002@21213b92]" name="tearDown" is-config="true" duration-ms="669" started-at="2020-03-01T17:35:49Z" finished-at="2020-03-01T17:35:49Z">
          <reporter-output>
          </reporter-output>
        </test-method> <!-- tearDown -->
      </class> <!-- com.testCases.JMB_TC_002 -->
      <class name="com.testCases.JMB_TC_003">
        <test-method status="PASS" signature="setup()[pri:0, instance:com.testCases.JMB_TC_003@a67c67e]" name="setup" is-config="true" duration-ms="12089" started-at="2020-03-01T17:35:49Z" finished-at="2020-03-01T17:36:01Z">
          <reporter-output>
          </reporter-output>
        </test-method> <!-- setup -->
        <test-method status="PASS" signature="JMB_TC_003()[pri:3, instance:com.testCases.JMB_TC_003@a67c67e]" name="JMB_TC_003" duration-ms="10630" started-at="2020-03-01T17:36:01Z" finished-at="2020-03-01T17:36:12Z">
          <reporter-output>
          </reporter-output>
        </test-method> <!-- JMB_TC_003 -->
        <test-method status="PASS" signature="tearDown()[pri:0, instance:com.testCases.JMB_TC_003@a67c67e]" name="tearDown" is-config="true" duration-ms="654" started-at="2020-03-01T17:36:12Z" finished-at="2020-03-01T17:36:13Z">
          <reporter-output>
          </reporter-output>
        </test-method> <!-- tearDown -->
      </class> <!-- com.testCases.JMB_TC_003 -->
      <class name="com.testCases.JMB_TC_004">
        <test-method status="PASS" signature="setup()[pri:0, instance:com.testCases.JMB_TC_004@3327bd23]" name="setup" is-config="true" duration-ms="12012" started-at="2020-03-01T17:36:13Z" finished-at="2020-03-01T17:36:25Z">
          <reporter-output>
          </reporter-output>
        </test-method> <!-- setup -->
        <test-method status="PASS" signature="JMB_TC_004()[pri:3, instance:com.testCases.JMB_TC_004@3327bd23]" name="JMB_TC_004" duration-ms="5002" started-at="2020-03-01T17:36:25Z" finished-at="2020-03-01T17:36:30Z">
          <reporter-output>
          </reporter-output>
        </test-method> <!-- JMB_TC_004 -->
        <test-method status="PASS" signature="tearDown()[pri:0, instance:com.testCases.JMB_TC_004@3327bd23]" name="tearDown" is-config="true" duration-ms="647" started-at="2020-03-01T17:36:30Z" finished-at="2020-03-01T17:36:30Z">
          <reporter-output>
          </reporter-output>
        </test-method> <!-- tearDown -->
      </class> <!-- com.testCases.JMB_TC_004 -->
      <class name="com.testCases.JMB_TC_005">
        <test-method status="PASS" signature="setup()[pri:0, instance:com.testCases.JMB_TC_005@4e1d422d]" name="setup" is-config="true" duration-ms="12248" started-at="2020-03-01T17:36:30Z" finished-at="2020-03-01T17:36:43Z">
          <reporter-output>
          </reporter-output>
        </test-method> <!-- setup -->
        <test-method status="PASS" signature="JMB_TC_005()[pri:5, instance:com.testCases.JMB_TC_005@4e1d422d]" name="JMB_TC_005" duration-ms="3434" started-at="2020-03-01T17:36:43Z" finished-at="2020-03-01T17:36:46Z">
          <reporter-output>
          </reporter-output>
        </test-method> <!-- JMB_TC_005 -->
        <test-method status="PASS" signature="tearDown()[pri:0, instance:com.testCases.JMB_TC_005@4e1d422d]" name="tearDown" is-config="true" duration-ms="699" started-at="2020-03-01T17:36:46Z" finished-at="2020-03-01T17:36:47Z">
          <reporter-output>
          </reporter-output>
        </test-method> <!-- tearDown -->
      </class> <!-- com.testCases.JMB_TC_005 -->
    </test> <!-- TestNGTest1 -->
  </suite> <!-- JomboneTestSuite -->
</testng-results>
